\BOOKMARK [1][-]{section.1}{Problem Satement 1}{}% 1
\BOOKMARK [2][-]{subsection.1.1}{Problem Statement}{section.1}% 2
\BOOKMARK [2][-]{subsection.1.2}{Input Format}{section.1}% 3
\BOOKMARK [2][-]{subsection.1.3}{Output Format}{section.1}% 4
\BOOKMARK [2][-]{subsection.1.4}{Sample Input}{section.1}% 5
\BOOKMARK [2][-]{subsection.1.5}{Sample Output}{section.1}% 6
\BOOKMARK [2][-]{subsection.1.6}{PS1 algorithm}{section.1}% 7
\BOOKMARK [2][-]{subsection.1.7}{PS1 Flow Chart}{section.1}% 8
\BOOKMARK [2][-]{subsection.1.8}{PS1 Solution-Code}{section.1}% 9
\BOOKMARK [2][-]{subsection.1.9}{PS1 Output Screenshots}{section.1}% 10
\BOOKMARK [1][-]{section.2}{Problem Satement 2}{}% 11
\BOOKMARK [2][-]{subsection.2.1}{PS2 algorithm}{section.2}% 12
\BOOKMARK [2][-]{subsection.2.2}{PS2 Flow Chart}{section.2}% 13
\BOOKMARK [2][-]{subsection.2.3}{PS2 Solution-Code}{section.2}% 14
\BOOKMARK [2][-]{subsection.2.4}{PS2 Output }{section.2}% 15
\BOOKMARK [3][-]{subsubsection.2.4.1}{input file}{subsection.2.4}% 16
\BOOKMARK [3][-]{subsubsection.2.4.2}{output file}{subsection.2.4}% 17
\BOOKMARK [1][-]{section.3}{makefile}{}% 18
\BOOKMARK [2][-]{subsection.3.1}{makefile code}{section.3}% 19
\BOOKMARK [2][-]{subsection.3.2}{makefile output}{section.3}% 20
\BOOKMARK [1][-]{section.4}{GIT}{}% 21
\BOOKMARK [2][-]{subsection.4.1}{GIT Commit Screenshots}{section.4}% 22
